<?xml version="1.0" encoding="UTF-8"?>
<testng-results skipped="0" failed="0" ignored="0" total="1" passed="1">
  <reporter-output>
  </reporter-output>
  <suite name="Suite" duration-ms="6220" started-at="2020-07-23T07:04:13Z" finished-at="2020-07-23T07:04:19Z">
    <groups>
    </groups>
    <test name="Test" duration-ms="6220" started-at="2020-07-23T07:04:13Z" finished-at="2020-07-23T07:04:19Z">
      <class name="com.prac.testCases.ClickLinkTest">
        <test-method status="PASS" signature="setUp()[pri:0, instance:com.prac.testCases.ClickLinkTest@34b7ac2f]" name="setUp" is-config="true" duration-ms="27264" started-at="2020-07-23T07:03:45Z" finished-at="2020-07-23T07:04:13Z">
          <reporter-output>
          </reporter-output>
        </test-method> <!-- setUp -->
        <test-method status="PASS" signature="clickLinkTest()[pri:0, instance:com.prac.testCases.ClickLinkTest@34b7ac2f]" name="clickLinkTest" duration-ms="6196" started-at="2020-07-23T07:04:13Z" finished-at="2020-07-23T07:04:19Z">
          <reporter-output>
          </reporter-output>
        </test-method> <!-- clickLinkTest -->
        <test-method status="PASS" signature="teardown()[pri:0, instance:com.prac.testCases.ClickLinkTest@34b7ac2f]" name="teardown" is-config="true" duration-ms="715" started-at="2020-07-23T07:04:19Z" finished-at="2020-07-23T07:04:20Z">
          <reporter-output>
          </reporter-output>
        </test-method> <!-- teardown -->
      </class> <!-- com.prac.testCases.ClickLinkTest -->
    </test> <!-- Test -->
  </suite> <!-- Suite -->
</testng-results>
